<?xml version="1.0" encoding="UTF-8"?>
<testsuite xmlns:xsi="http://www.w3.org/2001/XMLSchema-instance" xsi:noNamespaceSchemaLocation="https://maven.apache.org/surefire/maven-surefire-plugin/xsd/surefire-test-report-3.0.xsd" version="3.0" name="com.example.helloworldapi.controller.HelloWorldControllerTest" time="5.054" tests="5" errors="0" skipped="0" failures="0">
  <properties>
[...]
</properties>
  <testcase name="testEmptyName" classname="com.example.helloworldapi.controller.HelloWorldControllerTest" time="1.456">
    <system-out><![CDATA[01:33:32.272 [main] INFO org.springframework.test.context.support.AnnotationConfigContextLoaderUtils -- Could not detect default configuration classes for test class [com.example.helloworldapi.controller.HelloWorldControllerTest]: HelloWorldControllerTest does not declare any static, non-private, non-final, nested classes annotated with @Configuration.
01:33:32.689 [main] INFO org.springframework.boot.test.context.SpringBootTestContextBootstrapper -- Found @SpringBootConfiguration com.example.helloworldapi.HelloWorldApiApplication for test class com.example.helloworldapi.controller.HelloWorldControllerTest

  .   ____          _            __ _ _
 /\\ / ___'_ __ _ _(_)_ __  __ _ \ \ \ \
( ( )\___ | '_ | '_| | '_ \/ _` | \ \ \ \
 \\/  ___)| |_)| | | | | || (_| |  ) ) ) )
  '  |____| .__|_| |_|_| |_\__, | / / / /
 =========|_|==============|___/=/_/_/_/

 :: Spring Boot ::                (v3.3.4)

2025-11-10T01:33:33.564-08:00  INFO 15616 --- [           main] c.e.h.c.HelloWorldControllerTest         : Starting HelloWorldControllerTest using Java 17.0.17 with PID 15616 (started by svaratharajan4545 in E:\java\hello-world\hello-world-api)
2025-11-10T01:33:33.568-08:00  INFO 15616 --- [           main] c.e.h.c.HelloWorldControllerTest         : No active profile set, falling back to 1 default profile: "default"
2025-11-10T01:33:35.358-08:00  INFO 15616 --- [           main] o.s.b.t.m.w.SpringBootMockServletContext : Initializing Spring TestDispatcherServlet ''
2025-11-10T01:33:35.358-08:00  INFO 15616 --- [           main] o.s.t.web.servlet.TestDispatcherServlet  : Initializing Servlet ''
2025-11-10T01:33:35.375-08:00  INFO 15616 --- [           main] o.s.t.web.servlet.TestDispatcherServlet  : Completed initialization in 16 ms
2025-11-10T01:33:35.400-08:00  INFO 15616 --- [           main] c.e.h.c.HelloWorldControllerTest         : Started HelloWorldControllerTest in 2.367 seconds (process running for 4.221)
]]></system-out>
  </testcase>
  <testcase name="testInvalidName_NZ" classname="com.example.helloworldapi.controller.HelloWorldControllerTest" time="0.009"/>
  <testcase name="testMissingName" classname="com.example.helloworldapi.controller.HelloWorldControllerTest" time="0.011"/>
  <testcase name="testNonAlphabeticName" classname="com.example.helloworldapi.controller.HelloWorldControllerTest" time="0.012"/>
  <testcase name="testValidName_AM" classname="com.example.helloworldapi.controller.HelloWorldControllerTest" time="0.013"/>
</testsuite>